WARNING:root:[91mpython3.12 support is still experimental. For the moment re-weighting is NOT working and do expect a LOT of syntax warning. We do not advise python3.12 for production for the moment.[0m
************************************************************
*                                                          *
*                     W E L C O M E to                     *
*              M A D G R A P H 5 _ a M C @ N L O           *
*                                                          *
*                                                          *
*                 *                       *                *
*                   *        * *        *                  *
*                     * * * * 5 * * * *                    *
*                   *        * *        *                  *
*                 *                       *                *
*                                                          *
*         VERSION 3.6.2                 2025-03-19         *
*                                                          *
*    The MadGraph5_aMC@NLO Development Team - Find us at   *
*              http://madgraph.phys.ucl.ac.be/             *
*                            and                           *
*            http://amcatnlo.web.cern.ch/amcatnlo/         *
*                                                          *
*               Type 'help' for in-line help.              *
*           Type 'tutorial' to learn how MG5 works         *
*    Type 'tutorial aMCatNLO' to learn how aMC@NLO works   *
*    Type 'tutorial MadLoop' to learn how MadLoop works    *
*                                                          *
************************************************************
load MG5 configuration from ../../newmg5/input/mg5_configuration.txt 
fastjet-config does not seem to correspond to a valid fastjet-config executable (v3+). We will use fjcore instead.
 Please set the 'fastjet'variable to the full (absolute) /PATH/TO/fastjet-config (including fastjet-config).
 MG5_aMC> set fastjet /PATH/TO/fastjet-config

eMELA-config does not seem to correspond to a valid eMELA-config executable.
 Please set the 'fastjet'variable to the full (absolute) /PATH/TO/eMELA-config (including eMELA-config).
 MG5_aMC> set eMELA /PATH/TO/eMELA-config

lhapdf-config does not seem to correspond to a valid lhapdf-config executable. 
Please set the 'lhapdf' variable to the (absolute) /PATH/TO/lhapdf-config (including lhapdf-config).
Note that you can still compile and run aMC@NLO with the built-in PDFs
 MG5_aMC> set lhapdf /PATH/TO/lhapdf-config

set lhapdf to /Users/sdasbakshi/Documents/newmg5/HEPTools/lhapdf6_py3/bin/lhapdf-config
Using default text editor "vi". Set another one in ./input/mg5_configuration.txt
[1;34mWARNING: launching caffeinate to prevent idle sleep when MG5aMC is running. Run './bin/mg5_aMC -s' to prevent this. [0m
import /Users/sdasbakshi/Documents/GitHub/ArgoLOOM/auto_pp_to_ttbar_20251001_102955.mg5
The import format was not given, so we guess it as command
import model sm
INFO: Restrict model sm with file ../../newmg5/models/sm/restrict_default.dat . 
INFO: Run "set stdout_level DEBUG" before import for more information. 
INFO: Change particles name to pass to MG5 convention 
Defined multiparticle p = g u c d s u~ c~ d~ s~
Defined multiparticle j = g u c d s u~ c~ d~ s~
Defined multiparticle l+ = e+ mu+
Defined multiparticle l- = e- mu-
Defined multiparticle vl = ve vm vt
Defined multiparticle vl~ = ve~ vm~ vt~
Defined multiparticle all = g u c d s u~ c~ d~ s~ a ve vm vt e- mu- ve~ vm~ vt~ e+ mu+ t b t~ b~ z w+ h w- ta- ta+
generate p p > t t~
INFO: Checking for minimal orders which gives processes. 
INFO: Please specify coupling orders to bypass this step. 
INFO: Trying coupling order WEIGHTED<=2: WEIGTHED IS QCD+2*QED 
INFO: Trying process: g g > t t~ WEIGHTED<=2 @1  
INFO: Process has 3 diagrams 
INFO: Trying process: u u~ > t t~ WEIGHTED<=2 @1  
INFO: Process has 1 diagrams 
INFO: Trying process: u c~ > t t~ WEIGHTED<=2 @1  
INFO: Trying process: c u~ > t t~ WEIGHTED<=2 @1  
INFO: Trying process: c c~ > t t~ WEIGHTED<=2 @1  
INFO: Process has 1 diagrams 
INFO: Trying process: d d~ > t t~ WEIGHTED<=2 @1  
INFO: Process has 1 diagrams 
INFO: Trying process: d s~ > t t~ WEIGHTED<=2 @1  
INFO: Trying process: s d~ > t t~ WEIGHTED<=2 @1  
INFO: Trying process: s s~ > t t~ WEIGHTED<=2 @1  
INFO: Process has 1 diagrams 
INFO: Process u~ u > t t~ added to mirror process u u~ > t t~ 
INFO: Process c~ c > t t~ added to mirror process c c~ > t t~ 
INFO: Process d~ d > t t~ added to mirror process d d~ > t t~ 
INFO: Process s~ s > t t~ added to mirror process s s~ > t t~ 
5 processes with 7 diagrams generated in 0.006 s
Total: 5 processes with 7 diagrams
output pp_to_ttbar
INFO: initialize a new directory: pp_to_ttbar 
INFO: remove old information in pp_to_ttbar 
INFO: Organizing processes into subprocess groups 
INFO: Generating Helas calls for process: g g > t t~ WEIGHTED<=2 @1 
INFO: Processing color information for process: g g > t t~ @1 
INFO: Generating Helas calls for process: u u~ > t t~ WEIGHTED<=2 @1 
INFO: Processing color information for process: u u~ > t t~ @1 
INFO: Combined process c c~ > t t~ WEIGHTED<=2 @1 with process u u~ > t t~ WEIGHTED<=2 @1 
INFO: Combined process d d~ > t t~ WEIGHTED<=2 @1 with process u u~ > t t~ WEIGHTED<=2 @1 
INFO: Combined process s s~ > t t~ WEIGHTED<=2 @1 with process u u~ > t t~ WEIGHTED<=2 @1 
INFO: Creating files in directory P1_gg_ttx 
[1mINFO: Some T-channel width have been set to zero [new since 2.8.0]
 if you want to keep this width please set "zerowidth_tchannel" to False [0m
INFO: Generating Feynman diagrams for Process: g g > t t~ WEIGHTED<=2 @1 
INFO: Finding symmetric diagrams for subprocess group gg_ttx 
INFO: Creating files in directory P1_qq_ttx 
INFO: Generating Feynman diagrams for Process: u u~ > t t~ WEIGHTED<=2 @1 
INFO: Finding symmetric diagrams for subprocess group qq_ttx 
Generated helas calls for 2 subprocesses (4 diagrams) in 0.004 s
Wrote files for 16 helas calls in 0.046 s
ALOHA: aloha starts to compute helicity amplitudes
ALOHA: aloha creates 2 routines in  0.119 s
save configuration file to /Users/sdasbakshi/Documents/GitHub/ArgoLOOM/pp_to_ttbar/Cards/me5_configuration.txt
INFO: Use Fortran compiler gfortran 
INFO: Use c++ compiler clang 
INFO: Generate jpeg diagrams 
INFO: Generate web pages 
INFO: Generating MadAnalysis5 default cards tailored to this process 
INFO: MadAnalysis5 instalation not python3 compatible 
tar: Could not open extended attribute file: Permission denied
tar: Could not open extended attribute file: Permission denied
tar: Could not open extended attribute file: Permission denied
tar: Could not open extended attribute file: Permission denied
tar: Could not open extended attribute file: Permission denied
tar: Could not open extended attribute file: Permission denied
tar: Could not open extended attribute file: Permission denied
tar: Could not open extended attribute file: Permission denied
tar: Could not open extended attribute file: Permission denied
tar: Could not open extended attribute file: Permission denied
tar: Could not open extended attribute file: Permission denied
tar: Could not open extended attribute file: Permission denied
tar: Could not open extended attribute file: Permission denied
tar: Could not open extended attribute file: Permission denied
tar: Could not open extended attribute file: Permission denied
tar: Could not open extended attribute file: Permission denied
tar: Could not open extended attribute file: Permission denied
tar: Could not open extended attribute file: Permission denied
tar: Could not open extended attribute file: Permission denied
tar: Could not open extended attribute file: Permission denied
tar: Could not open extended attribute file: Permission denied
tar: Could not open extended attribute file: Permission denied
tar: Could not open extended attribute file: Permission denied
tar: Could not open extended attribute file: Permission denied
tar: Could not open extended attribute file: Permission denied
tar: Could not open extended attribute file: Permission denied
tar: Could not open extended attribute file: Permission denied
tar: Could not open extended attribute file: Permission denied
tar: Could not open extended attribute file: Permission denied
tar: Could not open extended attribute file: Permission denied
tar: Could not open extended attribute file: Permission denied
tar: Could not open extended attribute file: Permission denied
tar: Could not open extended attribute file: Permission denied
tar: Could not open extended attribute file: Permission denied
tar: Could not open extended attribute file: Permission denied
tar: Could not open extended attribute file: Permission denied
tar: Could not open extended attribute file: Permission denied
tar: Could not open extended attribute file: Permission denied
tar: Could not open extended attribute file: Permission denied
tar: Could not open extended attribute file: Permission denied
tar: Could not open extended attribute file: Permission denied
tar: Could not open extended attribute file: Permission denied
tar: Could not open extended attribute file: Permission denied
tar: Could not open extended attribute file: Permission denied
tar: Could not open extended attribute file: Permission denied
tar: Could not open extended attribute file: Permission denied
tar: Could not open extended attribute file: Permission denied
tar: Could not open extended attribute file: Permission denied
tar: Could not open extended attribute file: Permission denied
tar: Could not open extended attribute file: Permission denied
tar: Could not open extended attribute file: Permission denied
tar: Could not open extended attribute file: Permission denied
tar: Could not open extended attribute file: Permission denied
tar: Could not open extended attribute file: Permission denied
tar: Could not open extended attribute file: Permission denied
tar: Could not open extended attribute file: Permission denied
tar: Could not open extended attribute file: Permission denied
tar: Could not open extended attribute file: Permission denied
tar: Could not open extended attribute file: Permission denied
tar: Could not open extended attribute file: Permission denied
tar: Could not open extended attribute file: Permission denied
tar: Could not open extended attribute file: Permission denied
tar: Could not open extended attribute file: Permission denied
tar: Could not open extended attribute file: Permission denied
tar: Could not open extended attribute file: Permission denied
tar: Could not open extended attribute file: Permission denied
tar: Could not open extended attribute file: Permission denied
tar: Could not open extended attribute file: Permission denied
tar: Could not open extended attribute file: Permission denied
tar: Could not open extended attribute file: Permission denied
tar: Could not open extended attribute file: Permission denied
tar: Could not open extended attribute file: Permission denied
tar: Could not open extended attribute file: Permission denied
tar: Could not open extended attribute file: Permission denied
tar: Could not open extended attribute file: Permission denied
tar: Could not open extended attribute file: Permission denied
tar: Could not open extended attribute file: Permission denied
tar: Could not open extended attribute file: Permission denied
tar: Could not open extended attribute file: Permission denied
tar: Could not open extended attribute file: Permission denied
tar: Could not open extended attribute file: Permission denied
tar: Could not open extended attribute file: Permission denied
tar: Could not open extended attribute file: Permission denied
tar: Could not open extended attribute file: Permission denied
tar: Could not open extended attribute file: Permission denied
tar: Could not open extended attribute file: Permission denied
tar: Could not open extended attribute file: Permission denied
tar: Could not open extended attribute file: Permission denied
tar: Could not open extended attribute file: Permission denied
tar: Could not open extended attribute file: Permission denied
tar: Could not open extended attribute file: Permission denied
tar: Could not open extended attribute file: Permission denied
tar: Could not open extended attribute file: Permission denied
tar: Could not open extended attribute file: Permission denied
tar: Could not open extended attribute file: Permission denied
tar: Could not open extended attribute file: Permission denied
tar: Could not open extended attribute file: Permission denied
tar: Could not open extended attribute file: Permission denied
tar: Could not open extended attribute file: Permission denied
tar: Could not open extended attribute file: Permission denied
tar: Could not open extended attribute file: Permission denied
tar: Could not open extended attribute file: Permission denied
tar: Could not open extended attribute file: Permission denied
tar: Could not open extended attribute file: Permission denied
tar: Could not open extended attribute file: Permission denied
tar: Could not open extended attribute file: Permission denied
tar: Could not open extended attribute file: Permission denied
tar: Could not open extended attribute file: Permission denied
tar: Could not open extended attribute file: Permission denied
tar: Could not open extended attribute file: Permission denied
tar: Could not open extended attribute file: Permission denied
tar: Could not open extended attribute file: Permission denied
tar: Could not open extended attribute file: Permission denied
tar: Could not open extended attribute file: Permission denied
tar: Could not open extended attribute file: Permission denied
tar: Could not open extended attribute file: Permission denied
tar: Could not open extended attribute file: Permission denied
tar: Could not open extended attribute file: Permission denied
tar: Could not open extended attribute file: Permission denied
tar: Could not open extended attribute file: Permission denied
tar: Could not open extended attribute file: Permission denied
tar: Could not open extended attribute file: Permission denied
tar: Could not open extended attribute file: Permission denied
tar: Could not open extended attribute file: Permission denied
tar: Could not open extended attribute file: Permission denied
tar: Could not open extended attribute file: Permission denied
tar: Could not open extended attribute file: Permission denied
tar: Could not open extended attribute file: Permission denied
tar: Could not open extended attribute file: Permission denied
tar: Could not open extended attribute file: Permission denied
tar: Could not open extended attribute file: Permission denied
tar: Could not open extended attribute file: Permission denied
tar: Could not open extended attribute file: Permission denied
tar: Could not open extended attribute file: Permission denied
tar: Could not open extended attribute file: Permission denied
tar: Could not open extended attribute file: Permission denied
tar: Could not open extended attribute file: Permission denied
tar: Could not open extended attribute file: Permission denied
tar: Could not open extended attribute file: Permission denied
tar: Could not open extended attribute file: Permission denied
tar: Could not open extended attribute file: Permission denied
tar: Could not open extended attribute file: Permission denied
tar: Could not open extended attribute file: Permission denied
tar: Could not open extended attribute file: Permission denied
tar: Could not open extended attribute file: Permission denied
tar: Could not open extended attribute file: Permission denied
tar: Could not open extended attribute file: Permission denied
tar: Could not open extended attribute file: Permission denied
tar: Could not open extended attribute file: Permission denied
tar: Could not open extended attribute file: Permission denied
tar: Could not open extended attribute file: Permission denied
tar: Could not open extended attribute file: Permission denied
tar: Could not open extended attribute file: Permission denied
tar: Could not open extended attribute file: Permission denied
tar: Could not open extended attribute file: Permission denied
tar: Could not open extended attribute file: Permission denied
tar: Could not open extended attribute file: Permission denied
tar: Could not open extended attribute file: Permission denied
tar: Could not open extended attribute file: Permission denied
tar: Could not open extended attribute file: Permission denied
tar: Could not open extended attribute file: Permission denied
tar: Could not open extended attribute file: Permission denied
tar: Could not open extended attribute file: Permission denied
tar: Could not open extended attribute file: Permission denied
tar: Could not open extended attribute file: Permission denied
tar: Could not open extended attribute file: Permission denied
tar: Could not open extended attribute file: Permission denied
tar: Could not open extended attribute file: Permission denied
tar: Could not open extended attribute file: Permission denied
tar: Could not open extended attribute file: Permission denied
tar: Could not open extended attribute file: Permission denied
tar: Could not open extended attribute file: Permission denied
tar: Could not open extended attribute file: Permission denied
tar: Could not open extended attribute file: Permission denied
tar: Could not open extended attribute file: Permission denied
tar: Could not open extended attribute file: Permission denied
tar: Could not open extended attribute file: Permission denied
tar: Could not open extended attribute file: Permission denied
tar: Could not open extended attribute file: Permission denied
tar: Could not open extended attribute file: Permission denied
tar: Could not open extended attribute file: Permission denied
tar: Could not open extended attribute file: Permission denied
tar: Could not open extended attribute file: Permission denied
tar: Could not open extended attribute file: Permission denied
tar: Could not open extended attribute file: Permission denied
tar: Could not open extended attribute file: Permission denied
tar: Could not open extended attribute file: Permission denied
tar: Could not open extended attribute file: Permission denied
tar: Could not open extended attribute file: Permission denied
tar: Could not open extended attribute file: Permission denied
tar: Could not open extended attribute file: Permission denied
tar: Could not open extended attribute file: Permission denied
tar: Could not open extended attribute file: Permission denied
tar: Could not open extended attribute file: Permission denied
tar: Could not open extended attribute file: Permission denied
tar: Could not open extended attribute file: Permission denied
tar: Could not open extended attribute file: Permission denied
tar: Could not open extended attribute file: Permission denied
tar: Could not open extended attribute file: Permission denied
tar: Could not open extended attribute file: Permission denied
tar: Could not open extended attribute file: Permission denied
tar: Could not open extended attribute file: Permission denied
tar: Could not open extended attribute file: Permission denied
tar: Could not open extended attribute file: Permission denied
tar: Could not open extended attribute file: Permission denied
tar: Could not open extended attribute file: Permission denied
tar: Could not open extended attribute file: Permission denied
tar: Could not open extended attribute file: Permission denied
tar: Could not open extended attribute file: Permission denied
tar: Could not open extended attribute file: Permission denied
tar: Could not open extended attribute file: Permission denied
tar: Could not open extended attribute file: Permission denied
tar: Could not open extended attribute file: Permission denied
tar: Could not open extended attribute file: Permission denied
tar: Could not open extended attribute file: Permission denied
tar: Could not open extended attribute file: Permission denied
tar: Could not open extended attribute file: Permission denied
tar: Could not open extended attribute file: Permission denied
tar: Could not open extended attribute file: Permission denied
tar: Could not open extended attribute file: Permission denied
tar: Could not open extended attribute file: Permission denied
tar: Could not open extended attribute file: Permission denied
tar: Could not open extended attribute file: Permission denied
tar: Could not open extended attribute file: Permission denied
tar: Could not open extended attribute file: Permission denied
tar: Could not open extended attribute file: Permission denied
tar: Could not open extended attribute file: Permission denied
tar: Could not open extended attribute file: Permission denied
tar: Could not open extended attribute file: Permission denied
tar: Could not open extended attribute file: Permission denied
tar: Could not open extended attribute file: Permission denied
tar: Could not open extended attribute file: Permission denied
tar: Could not open extended attribute file: Permission denied
tar: Could not open extended attribute file: Permission denied
tar: Could not open extended attribute file: Permission denied
tar: Could not open extended attribute file: Permission denied
tar: Could not open extended attribute file: Permission denied
tar: Could not open extended attribute file: Permission denied
tar: Could not open extended attribute file: Permission denied
tar: Could not open extended attribute file: Permission denied
tar: Could not open extended attribute file: Permission denied
tar: Could not open extended attribute file: Permission denied
tar: Could not open extended attribute file: Permission denied
tar: Could not open extended attribute file: Permission denied
tar: Could not open extended attribute file: Permission denied
tar: Could not open extended attribute file: Permission denied
tar: Could not open extended attribute file: Permission denied
tar: Could not open extended attribute file: Permission denied
tar: Could not open extended attribute file: Permission denied
tar: Could not open extended attribute file: Permission denied
tar: Could not open extended attribute file: Permission denied
tar: Could not open extended attribute file: Permission denied
tar: Could not open extended attribute file: Permission denied
tar: Could not open extended attribute file: Permission denied
tar: Could not open extended attribute file: Permission denied
tar: Could not open extended attribute file: Permission denied
tar: Could not open extended attribute file: Permission denied
tar: Could not open extended attribute file: Permission denied
tar: Could not open extended attribute file: Permission denied
tar: Could not open extended attribute file: Permission denied
tar: Could not open extended attribute file: Permission denied
tar: Could not open extended attribute file: Permission denied
tar: Could not open extended attribute file: Permission denied
tar: Could not open extended attribute file: Permission denied
Output to directory /Users/sdasbakshi/Documents/GitHub/ArgoLOOM/pp_to_ttbar done.
Type "launch" to generate events from this process, or see
/Users/sdasbakshi/Documents/GitHub/ArgoLOOM/pp_to_ttbar/README
Run "open index.html" to see more information about this process.
launch
************************************************************
*                                                          *
*                      W E L C O M E to                    *
*             M A D G R A P H 5 _ a M C @ N L O            *
*                      M A D E V E N T                     *
*                                                          *
*                 *                       *                *
*                   *        * *        *                  *
*                     * * * * 5 * * * *                    *
*                   *        * *        *                  *
*                 *                       *                *
*                                                          *
*         VERSION 3.6.2                 2025-03-19         *
*                                                          *
*    The MadGraph5_aMC@NLO Development Team - Find us at   *
*    https://server06.fynu.ucl.ac.be/projects/madgraph     *
*                                                          *
*               Type 'help' for in-line help.              *
*                                                          *
************************************************************
INFO: load configuration from /Users/sdasbakshi/Documents/GitHub/ArgoLOOM/pp_to_ttbar/Cards/me5_configuration.txt  
INFO: load configuration from /Users/sdasbakshi/Documents/newmg5/input/mg5_configuration.txt  
INFO: load configuration from /Users/sdasbakshi/Documents/GitHub/ArgoLOOM/pp_to_ttbar/Cards/me5_configuration.txt  
Using default text editor "vi". Set another one in ./input/mg5_configuration.txt
No valid td path found
generate_events run_01
set run_card nevents 2000
[1mINFO: modify parameter nevents of the run_card.dat to 2000 [0m
set run_card ebeam1 6500.0
[1mINFO: modify parameter ebeam1 of the run_card.dat to 6500.0 [0m
set run_card ebeam2 6500.0
[1mINFO: modify parameter ebeam2 of the run_card.dat to 6500.0 [0m
set run_card iseed 12345
[1mINFO: modify parameter iseed of the run_card.dat to 12345 [0m
Do you want to edit a card (press enter to bypass editing)?
/------------------------------------------------------------\
|  [31m1[0m. param               : [32mparam_card.dat[0m                   |
|  [31m2[0m. run                 : [32mrun_card.dat[0m                     |
|  [31m3[0m. madanalysis5_parton : [32mmadanalysis5_parton_card.dat[0m     |
\------------------------------------------------------------/
 you can also
   - enter the path to a valid card or banner.
   - use the 'set' command to modify a parameter directly.
     The set option works only for param_card and run_card.
     Type 'help set' for more information on this command.
   - call an external program (ASperGE/MadWidth/...).
     Type 'help' for the list of available command
 [[4m0[0m, done, 1, param, 2, run, 3, madanalysis5_parton, enter path]
[1;34mfound line : launch[0m
[1;34mThis answer is not valid for current question. Keep it for next question and use here default: 0[0m
INFO: Update the dependent parameter of the param_card.dat 
[1;34mWARNING: update the strong coupling value (alpha_s) to the value from the pdf selected: 0.13 [0m
[1;34mvalue '[]' for entry 'bypass_check' is not valid.  Preserving previous value: '[]'.
allowed values are any list composed of the following entries: partonshower[0m
Generating 2000 events with run name run_01
survey  run_01 
INFO: compile directory 
compile Source Directory
Using random number seed offset = 12345
INFO: Running Survey 
Creating Jobs
Working on SubProcesses
INFO: Compiling for process 1/2. 
INFO:     P1_gg_ttx  
[1;31mError detected in "generate_events run_01"
write debug file /Users/sdasbakshi/Documents/GitHub/ArgoLOOM/pp_to_ttbar/run_01_tag_1_debug.log 
If you need help with this issue please contact us on https://answers.launchpad.net/mg5amcnlo
str : A compilation Error occurs when trying to compile /Users/sdasbakshi/Documents/GitHub/ArgoLOOM/pp_to_ttbar/SubProcesses/P1_gg_ttx.
	The compilation fails with the following output message:
	    gfortran -w -fPIC -O -ffixed-line-length-132 -w -c symmetry.f -I../../Source/ -I../../Source/PDF/gammaUPC
	    gfortran -w -fPIC -O -ffixed-line-length-132 -w -c idenparts.f -I../../Source/ -I../../Source/PDF/gammaUPC
	    gfortran -o gensym symmetry.o idenparts.o  -L../../lib/   -L../../lib/ -ldhelas -ldsample -lmodel -lgeneric -lpdf -lgammaUPC -lcernlib  -lbias  -L/usr/local/lib
	    ld: library not found for -lSystem
	    collect2: error: ld returned 1 exit status
	    make: *** [gensym] Error 1
	    
	Please try to fix this compilations issue and retry.
	Help might be found at https://answers.launchpad.net/mg5amcnlo.
	If you think that this is a bug, you can report this at https://bugs.launchpad.net/mg5amcnlo[0m
INFO:  
quit
INFO:  
launch
************************************************************
*                                                          *
*                      W E L C O M E to                    *
*             M A D G R A P H 5 _ a M C @ N L O            *
*                      M A D E V E N T                     *
*                                                          *
*                 *                       *                *
*                   *        * *        *                  *
*                     * * * * 5 * * * *                    *
*                   *        * *        *                  *
*                 *                       *                *
*                                                          *
*         VERSION 3.6.2                 2025-03-19         *
*                                                          *
*    The MadGraph5_aMC@NLO Development Team - Find us at   *
*    https://server06.fynu.ucl.ac.be/projects/madgraph     *
*                                                          *
*               Type 'help' for in-line help.              *
*                                                          *
************************************************************
INFO: load configuration from /Users/sdasbakshi/Documents/GitHub/ArgoLOOM/pp_to_ttbar/Cards/me5_configuration.txt  
INFO: load configuration from /Users/sdasbakshi/Documents/newmg5/input/mg5_configuration.txt  
INFO: load configuration from /Users/sdasbakshi/Documents/GitHub/ArgoLOOM/pp_to_ttbar/Cards/me5_configuration.txt  
Using default text editor "vi". Set another one in ./input/mg5_configuration.txt
generate_events run_01
The following switches determine which programs are run:
/==============================================================================\
| 1. Choose the shower/hadronization program   [1m  shower[0m = [01mNot Avail.[0m           |
| 2. Choose the detector simulation program    [1mdetector[0m = [01mNot Avail.[0m           |
| 3. Choose an analysis package (plot/convert) [1manalysis[0m = [32mMadAnalysis5[0m         |
| 4. Decay onshell particles                   [1m madspin[0m = [31mOFF[0m                  |
| 5. Add weights to events for new hypp.       [1mreweight[0m = [31mOFF[0m                  |
\==============================================================================/
Either type the switch number (1 to 5) to change its setting,
Set any switch explicitly (e.g. type 'analysis=OFF' at the prompt)
Type 'help' for the list of all valid option
Type '0', 'auto', 'done' or just press enter when you are done.
[1mThe answer to the previous question is not set in your input file[0m
[1mUse 0 value[0m
Do you want to edit a card (press enter to bypass editing)?
/------------------------------------------------------------\
|  [31m1[0m. param               : [32mparam_card.dat[0m                   |
|  [31m2[0m. run                 : [32mrun_card.dat[0m                     |
|  [31m3[0m. madanalysis5_parton : [32mmadanalysis5_parton_card.dat[0m     |
\------------------------------------------------------------/
 you can also
   - enter the path to a valid card or banner.
   - use the 'set' command to modify a parameter directly.
     The set option works only for param_card and run_card.
     Type 'help set' for more information on this command.
   - call an external program (ASperGE/MadWidth/...).
     Type 'help' for the list of available command
 [[4m0[0m, done, 1, param, 2, run, 3, madanalysis5_parton, enter path]
[1mThe answer to the previous question is not set in your input file[0m
[1mUse 0 value[0m
INFO: Update the dependent parameter of the param_card.dat 
[1;34mvalue '[]' for entry 'bypass_check' is not valid.  Preserving previous value: '[]'.
allowed values are any list composed of the following entries: partonshower[0m
Generating 2000 events with run name run_01
survey  run_01 
INFO: compile directory 
compile Source Directory
Using random number seed offset = 12348
INFO: Running Survey 
Creating Jobs
Working on SubProcesses
INFO: Compiling for process 1/2. 
INFO:     P1_gg_ttx  
[1;31mError detected in "generate_events run_01"
write debug file /Users/sdasbakshi/Documents/GitHub/ArgoLOOM/pp_to_ttbar/run_01_tag_1_debug.log 
If you need help with this issue please contact us on https://answers.launchpad.net/mg5amcnlo
str : A compilation Error occurs when trying to compile /Users/sdasbakshi/Documents/GitHub/ArgoLOOM/pp_to_ttbar/SubProcesses/P1_gg_ttx.
	The compilation fails with the following output message:
	    gfortran -o gensym symmetry.o idenparts.o  -L../../lib/   -L../../lib/ -ldhelas -ldsample -lmodel -lgeneric -lpdf -lgammaUPC -lcernlib  -lbias  -L/usr/local/lib
	    ld: library not found for -lSystem
	    collect2: error: ld returned 1 exit status
	    make: *** [gensym] Error 1
	    
	Please try to fix this compilations issue and retry.
	Help might be found at https://answers.launchpad.net/mg5amcnlo.
	If you think that this is a bug, you can report this at https://bugs.launchpad.net/mg5amcnlo[0m
INFO:  
quit
INFO:  
quit
